#
# There is insufficient memory for the Java Runtime Environment to continue.
# Native memory allocation (mmap) failed to map 264241152 bytes. Error detail: G1 virtual space
# Possible reasons:
#   The system is out of physical RAM or swap space
#   This process is running with CompressedOops enabled, and the Java Heap may be blocking the growth of the native heap
# Possible solutions:
#   Reduce memory load on the system
#   Increase physical memory or swap space
#   Check if swap backing store is full
#   Decrease Java heap size (-Xmx/-Xms)
#   Decrease number of Java threads
#   Decrease Java thread stack sizes (-Xss)
#   Set larger code cache with -XX:ReservedCodeCacheSize=
#   JVM is running with Zero Based Compressed Oops mode in which the Java heap is
#     placed in the first 32GB address space. The Java Heap base address is the
#     maximum limit for the native heap growth. Please use -XX:HeapBaseMinAddress
#     to set the Java Heap base and to place the Java Heap above 32GB virtual address.
# This output file may be truncated or incomplete.
#
#  Out of Memory Error (os_windows.cpp:3815), pid=38432, tid=38648
#
# JRE version:  (21.0.3) (build )
# Java VM: OpenJDK 64-Bit Server VM (21.0.3+-12282718-b509.11, mixed mode, sharing, tiered, compressed oops, compressed class ptrs, g1 gc, windows-amd64)
# No core dump will be written. Minidumps are not enabled by default on client versions of Windows
#

---------------  S U M M A R Y ------------

Command Line: org.jetbrains.kotlin.cli.jvm.K2JVMCompiler @D:\Bgloan\app\build\20241118_8135535142555472311.compiler.options

Host: 13th Gen Intel(R) Core(TM) i5-13500H, 16 cores, 15G,  Windows 11 , 64 bit Build 22621 (10.0.22621.3958)
Time: Mon Nov 18 18:22:30 2024  Windows 11 , 64 bit Build 22621 (10.0.22621.3958) elapsed time: 0.012315 seconds (0d 0h 0m 0s)

---------------  T H R E A D  ---------------

Current thread (0x0000024be028f0f0):  JavaThread "Unknown thread" [_thread_in_vm, id=38648, stack(0x0000005fe8a00000,0x0000005fe8b00000) (1024K)]

Stack: [0x0000005fe8a00000,0x0000005fe8b00000]
Native frames: (J=compiled Java code, j=interpreted, Vv=VM code, C=native code)
V  [jvm.dll+0x6cafb9]
V  [jvm.dll+0x858523]
V  [jvm.dll+0x85aa7e]
V  [jvm.dll+0x85b163]
V  [jvm.dll+0x27d356]
V  [jvm.dll+0x6c7865]
V  [jvm.dll+0x6bbd3a]
V  [jvm.dll+0x35199b]
V  [jvm.dll+0x3595d6]
V  [jvm.dll+0x3aa826]
V  [jvm.dll+0x3aaaf8]
V  [jvm.dll+0x3240bc]
V  [jvm.dll+0x324dab]
V  [jvm.dll+0x81fd89]
V  [jvm.dll+0x3b7c08]
V  [jvm.dll+0x80921d]
V  [jvm.dll+0x44c05e]
V  [jvm.dll+0x44d6b1]
C  [jli.dll+0x52ab]
C  [ucrtbase.dll+0x29333]
C  [KERNEL32.DLL+0x1257d]
C  [ntdll.dll+0x5af08]


---------------  P R O C E S S  ---------------

Threads class SMR info:
_java_thread_list=0x00007ffc2f0257c8, length=0, elements={
}

Java Threads: ( => current thread )
Total: 0

Other Threads:
  0x0000024be02eec50 WorkerThread "GC Thread#0"                     [id=38224, stack(0x0000005fe8b00000,0x0000005fe8c00000) (1024K)]
  0x0000024be02ff960 ConcurrentGCThread "G1 Main Marker"            [id=14024, stack(0x0000005fe8c00000,0x0000005fe8d00000) (1024K)]
  0x0000024be0300c00 WorkerThread "G1 Conc#0"                       [id=24508, stack(0x0000005fe8d00000,0x0000005fe8e00000) (1024K)]

[error occurred during error reporting (printing all threads), id 0xc0000005, EXCEPTION_ACCESS_VIOLATION (0xc0000005) at pc=0x00007ffc2e827197]
VM state: not at safepoint (not fully initialized)

VM Mutex/Monitor currently owned by a thread:  ([mutex/lock_event])
[0x00007ffc2f0921c8] Heap_lock - owner thread: 0x0000024be028f0f0

Heap address: 0x0000000704400000, size: 4028 MB, Compressed Oops mode: Zero based, Oop shift amount: 3

CDS archive(s) mapped at: [0x0000000000000000-0x0000000000000000-0x0000000000000000), size 0, SharedBaseAddress: 0x0000000800000000, ArchiveRelocationMode: 1.
Narrow klass base: 0x0000000000000000, Narrow klass shift: 0, Narrow klass range: 0x0

GC Precious Log:
 CardTable entry size: 512
 Card Set container configuration: InlinePtr #cards 4 size 8 Array Of Cards #cards 16 size 48 Howl #buckets 8 coarsen threshold 3686 Howl Bitmap #cards 512 size 80 coarsen threshold 460 Card regions per heap region 1 cards per card region 4096

Heap:
 garbage-first heap   total 0K, used 0K [0x0000000704400000, 0x0000000800000000)
  region size 2048K, 0 young (0K), 0 survivors (0K)
 Metaspace       used 0K, committed 0K, reserved 0K
  class space    used 0K, committed 0K, reserved 0K

Heap Regions: E=young(eden), S=young(survivor), O=old, HS=humongous(starts), HC=humongous(continues), CS=collection set, F=free, TAMS=top-at-mark-start, PB=parsable bottom

Card table byte_map: [0x0000024bf3f10000,0x0000024bf46f0000] _byte_map_base: 0x0000024bf06ee000

Marking Bits: (CMBitMap*) 0x0000024be02ef350
 Bits: [0x0000024bf46f0000, 0x0000024bf85e0000)

GC Heap History (0 events):
No events

Dll operation events (1 events):
Event: 0.008 Loaded shared library D:\AS\jbr\bin\java.dll

Deoptimization events (0 events):
No events

Classes loaded (0 events):
No events

Classes unloaded (0 events):
No events

Classes redefined (0 events):
No events

Internal exceptions (0 events):
No events

ZGC Phase Switch (0 events):
No events

VM Operations (0 events):
No events

Events (0 events):
No events


Dynamic libraries:
0x00007ff6082e0000 - 0x00007ff6082ea000 	D:\AS\jbr\bin\java.exe
0x00007ffc7bb30000 - 0x00007ffc7bd47000 	C:\Windows\SYSTEM32\ntdll.dll
0x00007ffc7acc0000 - 0x00007ffc7ad84000 	C:\Windows\System32\KERNEL32.DLL
0x00007ffc78f70000 - 0x00007ffc79327000 	C:\Windows\System32\KERNELBASE.dll
0x00007ffc73980000 - 0x00007ffc73a17000 	C:\Windows\SYSTEM32\apphelp.dll
0x00007ffc79740000 - 0x00007ffc79851000 	C:\Windows\System32\ucrtbase.dll
0x00007ffc6a220000 - 0x00007ffc6a238000 	D:\AS\jbr\bin\jli.dll
0x00007ffc75a30000 - 0x00007ffc75a4b000 	D:\AS\jbr\bin\VCRUNTIME140.dll
0x00007ffc7b200000 - 0x00007ffc7b3af000 	C:\Windows\System32\USER32.dll
0x00007ffc79330000 - 0x00007ffc79356000 	C:\Windows\System32\win32u.dll
0x00007ffc7afd0000 - 0x00007ffc7aff9000 	C:\Windows\System32\GDI32.dll
0x00007ffc79550000 - 0x00007ffc79668000 	C:\Windows\System32\gdi32full.dll
0x00007ffc79670000 - 0x00007ffc7970a000 	C:\Windows\System32\msvcp_win.dll
0x00007ffc56770000 - 0x00007ffc56a03000 	C:\Windows\WinSxS\amd64_microsoft.windows.common-controls_6595b64144ccf1df_6.0.22621.3672_none_2713b9d173822955\COMCTL32.dll
0x00007ffc7a120000 - 0x00007ffc7a1c7000 	C:\Windows\System32\msvcrt.dll
0x00007ffc7b000000 - 0x00007ffc7b031000 	C:\Windows\System32\IMM32.DLL
0x0000000068400000 - 0x000000006840d000 	C:\Program Files (x86)\360\360Safe\safemon\SafeWrapper.dll
0x00007ffc7b3b0000 - 0x00007ffc7b462000 	C:\Windows\System32\ADVAPI32.dll
0x00007ffc79860000 - 0x00007ffc79908000 	C:\Windows\System32\sechost.dll
0x00007ffc79710000 - 0x00007ffc79738000 	C:\Windows\System32\bcrypt.dll
0x00007ffc79b60000 - 0x00007ffc79c74000 	C:\Windows\System32\RPCRT4.dll
0x00007ffc40d60000 - 0x00007ffc40e63000 	C:\Program Files (x86)\360\360Safe\safemon\libzdtp64.dll
0x00007ffc7a2c0000 - 0x00007ffc7ab29000 	C:\Windows\System32\SHELL32.dll
0x00007ffc7a010000 - 0x00007ffc7a06e000 	C:\Windows\System32\SHLWAPI.dll
0x00007ffc70f10000 - 0x00007ffc70f1a000 	C:\Windows\SYSTEM32\VERSION.dll
0x00007ffc75b60000 - 0x00007ffc75b6c000 	D:\AS\jbr\bin\vcruntime140_1.dll
0x00007ffc4a5c0000 - 0x00007ffc4a64d000 	D:\AS\jbr\bin\msvcp140.dll
0x00007ffc2e4f0000 - 0x00007ffc2f16d000 	D:\AS\jbr\bin\server\jvm.dll
0x00007ffc7ada0000 - 0x00007ffc7ae11000 	C:\Windows\System32\WS2_32.dll
0x00007ffc78b60000 - 0x00007ffc78bad000 	C:\Windows\SYSTEM32\POWRPROF.dll
0x00007ffc71440000 - 0x00007ffc71474000 	C:\Windows\SYSTEM32\WINMM.dll
0x00007ffc78b40000 - 0x00007ffc78b53000 	C:\Windows\SYSTEM32\UMPDC.dll
0x00007ffc77e90000 - 0x00007ffc77ea8000 	C:\Windows\SYSTEM32\kernel.appcore.dll
0x00007ffc75b30000 - 0x00007ffc75b3a000 	D:\AS\jbr\bin\jimage.dll
0x00007ffc76220000 - 0x00007ffc76452000 	C:\Windows\SYSTEM32\DBGHELP.DLL
0x00007ffc79c80000 - 0x00007ffc7a00e000 	C:\Windows\System32\combase.dll
0x00007ffc7abe0000 - 0x00007ffc7acb7000 	C:\Windows\System32\OLEAUT32.dll
0x00007ffc6f7b0000 - 0x00007ffc6f7e2000 	C:\Windows\SYSTEM32\dbgcore.DLL
0x00007ffc79360000 - 0x00007ffc793db000 	C:\Windows\System32\bcryptPrimitives.dll
0x00007ffc759b0000 - 0x00007ffc759cf000 	D:\AS\jbr\bin\java.dll

dbghelp: loaded successfully - version: 4.0.5 - missing functions: none
symbol engine: initialized successfully - sym options: 0x614 - pdb path: .;D:\AS\jbr\bin;C:\Windows\SYSTEM32;C:\Windows\WinSxS\amd64_microsoft.windows.common-controls_6595b64144ccf1df_6.0.22621.3672_none_2713b9d173822955;C:\Program Files (x86)\360\360Safe\safemon;D:\AS\jbr\bin\server

VM Arguments:
java_command: org.jetbrains.kotlin.cli.jvm.K2JVMCompiler @D:\Bgloan\app\build\20241118_8135535142555472311.compiler.options
java_class_path (initial): C:\Users\user\.gradle\caches\modules-2\files-2.1\org.jetbrains.kotlin\kotlin-compiler-embeddable\2.0.0\1de310de3446414381282ffc46c3ed3919a4d1da\kotlin-compiler-embeddable-2.0.0.jar;C:\Users\user\.gradle\caches\modules-2\files-2.1\org.jetbrains.kotlin\kotlin-stdlib\2.0.0\b48df2c4aede9586cc931ead433bc02d6fd7879e\kotlin-stdlib-2.0.0.jar;C:\Users\user\.gradle\caches\modules-2\files-2.1\org.jetbrains.kotlin\kotlin-script-runtime\2.0.0\fdc27dd047d592fa41d2dfa21e7621287a361612\kotlin-script-runtime-2.0.0.jar;C:\Users\user\.gradle\caches\modules-2\files-2.1\org.jetbrains.kotlin\kotlin-reflect\1.6.10\1cbe9c92c12a94eea200d23c2bbaedaf3daf5132\kotlin-reflect-1.6.10.jar;C:\Users\user\.gradle\caches\modules-2\files-2.1\org.jetbrains.kotlin\kotlin-daemon-embeddable\2.0.0\b39c612768614c4428c96ee9c65477181fffe9d\kotlin-daemon-embeddable-2.0.0.jar;C:\Users\user\.gradle\caches\modules-2\files-2.1\org.jetbrains.intellij.deps\trove4j\1.0.20200330\3afb14d5f9ceb459d724e907a21145e8ff394f02\trove4j-1.0.20200330.jar;C:\Users\user\.gradle\caches\modules-2\files-2.1\org.jetbrains\annotations\13.0\919f0dfe192fb4e063e7dacadee7f8bb9a2672a9\annotations-13.0.jar
Launcher Type: SUN_STANDARD

[Global flags]
     intx CICompilerCount                          = 12                                        {product} {ergonomic}
     uint ConcGCThreads                            = 3                                         {product} {ergonomic}
     uint G1ConcRefinementThreads                  = 13                                        {product} {ergonomic}
   size_t G1HeapRegionSize                         = 2097152                                   {product} {ergonomic}
    uintx GCDrainStackTargetSize                   = 64                                        {product} {ergonomic}
   size_t InitialHeapSize                          = 264241152                                 {product} {ergonomic}
   size_t MarkStackSize                            = 4194304                                   {product} {ergonomic}
   size_t MaxHeapSize                              = 4223664128                                {product} {ergonomic}
   size_t MinHeapDeltaBytes                        = 2097152                                   {product} {ergonomic}
   size_t MinHeapSize                              = 8388608                                   {product} {ergonomic}
    uintx NonNMethodCodeHeapSize                   = 7602480                                {pd product} {ergonomic}
    uintx NonProfiledCodeHeapSize                  = 122027880                              {pd product} {ergonomic}
    uintx ProfiledCodeHeapSize                     = 122027880                              {pd product} {ergonomic}
    uintx ReservedCodeCacheSize                    = 251658240                              {pd product} {ergonomic}
     bool SegmentedCodeCache                       = true                                      {product} {ergonomic}
   size_t SoftMaxHeapSize                          = 4223664128                             {manageable} {ergonomic}
     bool UseCompressedOops                        = true                           {product lp64_product} {ergonomic}
     bool UseG1GC                                  = true                                      {product} {ergonomic}
     bool UseLargePagesIndividualAllocation        = false                                  {pd product} {ergonomic}

Logging:
Log output configuration:
 #0: stdout all=warning uptime,level,tags foldmultilines=false
 #1: stderr all=off uptime,level,tags foldmultilines=false

Environment Variables:
PATH=C:\Windows\system32;C:\Windows;C:\Windows\System32\Wbem;C:\Windows\System32\WindowsPowerShell\v1.0\;C:\Windows\System32\OpenSSH\;C:\Users\user\AppData\Local\Microsoft\WindowsApps;
USERNAME=user
OS=Windows_NT
PROCESSOR_IDENTIFIER=Intel64 Family 6 Model 186 Stepping 2, GenuineIntel
TMP=C:\Users\user\AppData\Local\Temp
TEMP=C:\Users\user\AppData\Local\Temp




Periodic native trim disabled

JNI global refs:
JNI global refs: 0, weak refs: 0

JNI global refs memory usage: 0, weak refs: 0

Process memory usage:
Resident Set Size: 14104K (0% of 16494456K total physical memory with 501912K free physical memory)

OOME stack traces (most recent first):
Classloader memory used:

---------------  S Y S T E M  ---------------

OS:
 Windows 11 , 64 bit Build 22621 (10.0.22621.3958)
OS uptime: 10 days 23:27 hours

CPU: total 16 (initial active 16) (8 cores per cpu, 2 threads per core) family 6 model 186 stepping 2 microcode 0x410e, cx8, cmov, fxsr, ht, mmx, 3dnowpref, sse, sse2, sse3, ssse3, sse4.1, sse4.2, popcnt, lzcnt, tsc, tscinvbit, avx, avx2, aes, erms, clmul, bmi1, bmi2, adx, sha, fma, vzeroupper, clflush, clflushopt, clwb, serialize, rdtscp, rdpid, fsrm, f16c, pku, cet_ibt, cet_ss
Processor Information for processor 0
  Max Mhz: 2600, Current Mhz: 2600, Mhz Limit: 2600
Processor Information for processor 1
  Max Mhz: 2600, Current Mhz: 2600, Mhz Limit: 2600
Processor Information for processor 2
  Max Mhz: 2600, Current Mhz: 2600, Mhz Limit: 2600
Processor Information for processor 3
  Max Mhz: 2600, Current Mhz: 1496, Mhz Limit: 2600
Processor Information for processor 4
  Max Mhz: 2600, Current Mhz: 2600, Mhz Limit: 2600
Processor Information for processor 5
  Max Mhz: 2600, Current Mhz: 2600, Mhz Limit: 2600
Processor Information for processor 6
  Max Mhz: 2600, Current Mhz: 2600, Mhz Limit: 2600
Processor Information for processor 7
  Max Mhz: 2600, Current Mhz: 2600, Mhz Limit: 2600
Processor Information for processor 8
  Max Mhz: 2600, Current Mhz: 1900, Mhz Limit: 1898
Processor Information for processor 9
  Max Mhz: 2600, Current Mhz: 1900, Mhz Limit: 1898
Processor Information for processor 10
  Max Mhz: 2600, Current Mhz: 1900, Mhz Limit: 1898
Processor Information for processor 11
  Max Mhz: 2600, Current Mhz: 1900, Mhz Limit: 1898
Processor Information for processor 12
  Max Mhz: 2600, Current Mhz: 1900, Mhz Limit: 1898
Processor Information for processor 13
  Max Mhz: 2600, Current Mhz: 1900, Mhz Limit: 1898
Processor Information for processor 14
  Max Mhz: 2600, Current Mhz: 1900, Mhz Limit: 1898
Processor Information for processor 15
  Max Mhz: 2600, Current Mhz: 1900, Mhz Limit: 1898

Memory: 4k page, system-wide physical 16107M (490M free)
TotalPageFile size 41701M (AvailPageFile size 246M)
current process WorkingSet (physical memory assigned to process): 13M, peak: 13M
current process commit charge ("private bytes"): 71M, peak: 323M

vm_info: OpenJDK 64-Bit Server VM (21.0.3+-12282718-b509.11) for windows-amd64 JRE (21.0.3+-12282718-b509.11), built on 2024-08-27T17:34:15Z by "builder" with MS VC++ 16.10 / 16.11 (VS2019)

END.
